<?xml version="1.0" encoding="UTF-8"?>
<testng-results skipped="0" failed="0" total="1" passed="1">
  <reporter-output>
  </reporter-output>
  <suite name="Default suite" duration-ms="42077" started-at="2019-09-22T05:55:25Z" finished-at="2019-09-22T05:56:07Z">
    <groups>
    </groups>
    <test name="Default test" duration-ms="42077" started-at="2019-09-22T05:55:25Z" finished-at="2019-09-22T05:56:07Z">
      <class name="MyJenkinsTest.MyJenkinsTest">
        <test-method status="PASS" signature="VerifyTitle()[pri:0, instance:MyJenkinsTest.MyJenkinsTest@6537cf78]" name="VerifyTitle" duration-ms="42058" started-at="2019-09-22T11:25:25Z" finished-at="2019-09-22T11:26:07Z">
          <reporter-output>
          </reporter-output>
        </test-method> <!-- VerifyTitle -->
      </class> <!-- MyJenkinsTest.MyJenkinsTest -->
    </test> <!-- Default test -->
  </suite> <!-- Default suite -->
</testng-results>
