<?xml version="1.0" encoding="UTF-8"?>
<testng-results skipped="0" failed="0" ignored="0" total="1" passed="1">
  <reporter-output>
  </reporter-output>
  <suite name="Default suite" duration-ms="10378" started-at="2019-09-14T07:30:05Z" finished-at="2019-09-14T07:30:16Z">
    <groups>
    </groups>
    <test name="Default test" duration-ms="10378" started-at="2019-09-14T07:30:05Z" finished-at="2019-09-14T07:30:16Z">
      <class name="MyJenkinsTest.MyJenkinsTest">
        <test-method status="PASS" signature="VerifyTitle()[pri:0, instance:MyJenkinsTest.MyJenkinsTest@1e88b3c]" name="VerifyTitle" duration-ms="10316" started-at="2019-09-14T07:30:05Z" finished-at="2019-09-14T07:30:16Z">
          <reporter-output>
          </reporter-output>
        </test-method> <!-- VerifyTitle -->
      </class> <!-- MyJenkinsTest.MyJenkinsTest -->
    </test> <!-- Default test -->
  </suite> <!-- Default suite -->
</testng-results>
